<?xml version="1.0" encoding="UTF-8"?>
<!-- Generated by org.testng.reporters.JUnitReportReporter -->
<testsuite hostname="HP" failures="0" tests="1" name="Basic.ReadDataFromProperty" time="17.591" errors="0" timestamp="2023-12-04T10:19:52 IST" skipped="0">
  <testcase classname="Basic.ReadDataFromProperty" name="vtigerCRM" time="17.591"/>
  <system-out/>
</testsuite> <!-- Basic.ReadDataFromProperty -->
