<?xml version="1.0" encoding="UTF-8"?>
<!-- Generated by org.testng.reporters.JUnitReportReporter -->
<testsuite hostname="HP" failures="0" tests="1" name="Basic.ReadDataFromExcel" time="0.721" errors="0" timestamp="2023-12-04T10:24:25 IST" skipped="0">
  <testcase classname="Basic.ReadDataFromExcel" name="vtigerCRM" time="0.721"/>
  <system-out/>
</testsuite> <!-- Basic.ReadDataFromExcel -->
