<?xml version="1.0" encoding="UTF-8"?>
<!-- Generated by org.testng.reporters.JUnitReportReporter -->
<testsuite hostname="HP" failures="0" tests="2" name="Basic.Exceution1" time="41.030" errors="0" timestamp="2023-12-04T10:51:51 IST" skipped="0">
  <testcase classname="Basic.Exceution1" name="Zomato" time="17.549"/>
  <system-out/>
  <testcase classname="Basic.Exceution1" name="FacebookTest" time="23.481"/>
  <system-out/>
</testsuite> <!-- Basic.Exceution1 -->
